[2026-05-16T20:42:26.569Z] ═══ Prince Oil Taiga Scraper — Start ═══
[2026-05-16T20:42:26.570Z] Authenticating via Playwright…
[2026-05-16T20:42:30.033Z] Authenticated. Cookies: 0, Token: 2e80566e…
[2026-05-16T20:42:30.211Z] Stores (11): Newton Junction, Main Street Junction, Olde Towne Station (closed), Scooba Junction, Newton Crossing, Union Junction, Main Street Junction #2, Carthage Junction, Oxford Junction, Macon Junction, Gluckstadt Junction
[2026-05-16T20:42:32.632Z] 
── 2026-05 (THISMONTH) ──
[2026-05-16T20:42:32.772Z]   tx rows: 9
[2026-05-16T20:42:34.254Z]   daily rows: 135
[2026-05-16T20:42:34.257Z]   daily deduped: 135 → 135 rows
[2026-05-16T20:42:34.983Z]   merch rows: 3343
[2026-05-16T20:47:26.966Z]   product rows: 13169
[2026-05-16T20:47:43.914Z] 
── 2026-04 (LASTMONTH) ──
[2026-05-16T20:47:44.140Z]   tx rows: 10
[2026-05-16T20:47:45.080Z]   daily rows: 299
[2026-05-16T20:47:45.084Z]   daily deduped: 299 → 299 rows
[2026-05-16T20:47:45.718Z]   merch rows: 3939
[2026-05-16T20:53:27.042Z]   product rows: 16525
[2026-05-16T20:53:46.250Z] 
═══ Done — tx:19 daily:434 merch:7272 product:29693 errors:0 ═══
[2026-05-17T10:24:36.250Z] ═══ Prince Oil Taiga Scraper — Start ═══
[2026-05-17T10:24:36.251Z] Authenticating via Playwright…
[2026-05-17T10:24:50.756Z] Authenticated. Cookies: 0, Token: 333df428…
[2026-05-17T10:24:52.893Z] Stores (11): Newton Junction, Main Street Junction, Olde Towne Station (closed), Scooba Junction, Newton Crossing, Union Junction, Main Street Junction #2, Carthage Junction, Oxford Junction, Macon Junction, Gluckstadt Junction
[2026-05-17T10:24:54.984Z] 
── 2026-05 (THISMONTH) ──
[2026-05-17T10:24:57.806Z]   tx rows: 9
[2026-05-17T10:24:58.672Z]   daily rows: 144
[2026-05-17T10:24:58.676Z]   daily deduped: 144 → 144 rows
[2026-05-17T10:25:06.516Z]   merch rows: 3370
[2026-05-17T10:29:29.357Z]   product rows: 13350
[2026-05-17T10:29:46.069Z] 
── 2026-04 (LASTMONTH) ──
[2026-05-17T10:29:49.031Z]   tx rows: 10
[2026-05-17T10:29:49.992Z]   daily rows: 299
[2026-05-17T10:29:49.997Z]   daily deduped: 299 → 299 rows
[2026-05-17T10:29:55.395Z]   merch rows: 3939
[2026-05-17T10:34:47.459Z]   product rows: 16525
[2026-05-17T10:35:05.542Z] 
═══ Done — tx:19 daily:443 merch:7299 product:29874 errors:0 ═══
[2026-05-18T12:35:04.032Z] ═══ Prince Oil Taiga Scraper — Start ═══
[2026-05-18T12:35:04.033Z] Authenticating via Playwright…
[2026-05-18T12:35:07.472Z] Authenticated. Cookies: 0, Token: bdf81eb0…
[2026-05-18T12:35:07.918Z] Stores (11): Newton Junction, Main Street Junction, Olde Towne Station (closed), Scooba Junction, Newton Crossing, Union Junction, Main Street Junction #2, Carthage Junction, Oxford Junction, Macon Junction, Gluckstadt Junction
[2026-05-18T12:35:10.047Z] 
── 2026-05 (THISMONTH) ──
[2026-05-18T12:35:10.425Z]   tx rows: 9
[2026-05-18T12:35:11.311Z]   daily rows: 153
[2026-05-18T12:35:11.317Z]   daily deduped: 153 → 153 rows
[2026-05-18T12:35:12.301Z]   merch rows: 3389
[2026-05-18T12:39:29.896Z]   product rows: 13501
[2026-05-18T12:39:47.161Z] 
── 2026-04 (LASTMONTH) ──
[2026-05-18T12:39:47.778Z]   tx rows: 10
[2026-05-18T12:39:48.764Z]   daily rows: 299
[2026-05-18T12:39:48.768Z]   daily deduped: 299 → 299 rows
[2026-05-18T12:39:50.009Z]   merch rows: 3939
[2026-05-18T12:44:33.810Z]   product rows: 16525
[2026-05-18T12:44:52.212Z] 
═══ Done — tx:19 daily:452 merch:7318 product:30025 errors:0 ═══
